This file contains any messages produced by compilers while
running configure, to aid debugging if configure makes a mistake.

It was created by configure, which was
generated by GNU Autoconf 2.59.  Invocation command line was

  $ ./configure --host=i386-redhat-linux-gnu --target=arc-linux-uclibc

## --------- ##
## Platform. ##
## --------- ##

hostname = laria
uname -m = i686
uname -r = 2.6.41.4-1.fc15.i686.PAE
uname -s = Linux
uname -v = #1 SMP Tue Nov 29 11:47:02 UTC 2011

/usr/bin/uname -p = unknown
/bin/uname -X     = unknown

/bin/arch              = i686
/usr/bin/arch -k       = unknown
/usr/convex/getsysinfo = unknown
hostinfo               = unknown
/bin/machine           = unknown
/usr/bin/oslevel       = unknown
/bin/universe          = unknown

PATH: /opt/arc-2.4/bin
PATH: /opt/arc-2.4/bin
PATH: /home/jeremy/svntrees/Customer-Projects/synopsys/arc_gnu/branches/arc_gnu_3/INSTALL/elf32
PATH: /bin
PATH: /home/jeremy/svntrees/Customer-Projects/synopsys/arc_gnu/branches/arc_gnu_3/INSTALL/uclibc/bin
PATH: /opt/arc-new/bin
PATH: /opt/Adobe/Reader9/bin
PATH: /opt/hct/bin
PATH: /opt/pan/bin
PATH: /opt/scribus/bin
PATH: /opt/ghostscript/bin
PATH: /opt/epiphany-new/bin
PATH: /opt/or1ksim-new/bin
PATH: /opt/or32-new/bin
PATH: /opt/icarus-verilog/bin
PATH: /opt/verilator/bin
PATH: /home/jeremy/bin
PATH: /opt/arc-new/bin
PATH: /opt/Adobe/Reader9/bin
PATH: /opt/hct/bin
PATH: /opt/pan/bin
PATH: /opt/scribus/bin
PATH: /opt/ghostscript/bin
PATH: /opt/epiphany-new/bin
PATH: /opt/or1ksim-new/bin
PATH: /opt/or32-new/bin
PATH: /opt/icarus-verilog/bin
PATH: /opt/verilator/bin
PATH: /home/jeremy/bin
PATH: /usr/lib/qt-3.3/bin
PATH: /usr/lib/ccache
PATH: /usr/local/bin
PATH: /usr/bin
PATH: /bin
PATH: /usr/local/sbin
PATH: /usr/sbin
PATH: /sbin
PATH: /opt/ARC/MetaWare/arc/bin
PATH: /opt/ARC/MetaWare/ide


## ----------- ##
## Core tests. ##
## ----------- ##

configure:1308: checking for i386-redhat-linux-gnu-gcc
configure:1334: result: arc-linux-uclibc-gcc
configure:1616: checking for C compiler version
configure:1619: arc-linux-uclibc-gcc --version </dev/null >&5
arc-linux-uclibc-gcc (GCC) 4.2.1 (ARC_2.4)
Copyright (C) 2007 Free Software Foundation, Inc.
This is free software; see the source for copying conditions.  There is NO
warranty; not even for MERCHANTABILITY or FITNESS FOR A PARTICULAR PURPOSE.

configure:1622: $? = 0
configure:1624: arc-linux-uclibc-gcc -v </dev/null >&5
Using built-in specs.
Target: arc-linux-uclibc
Configured with: ../src/configure --target=arc-linux-uclibc --prefix=/opt/arc-2.4 --with-headers=/opt/arc-2.4/arc-linux-uclibc/include --enable-shared --disable-multilib --without-newlib --enable-languages=c,c++ --with-cpu=arc700 --disable-c99
Thread model: posix
gcc version 4.2.1 (ARC_2.4)
configure:1627: $? = 0
configure:1629: arc-linux-uclibc-gcc -V </dev/null >&5
arc-linux-uclibc-gcc: '-V' option must have argument
configure:1632: $? = 1
configure:1655: checking for C compiler default output file name
configure:1658: arc-linux-uclibc-gcc -mA7 -static -O0  -mA7 conftest.c  >&5
configure:1661: $? = 0
configure:1707: result: a.out
configure:1712: checking whether the C compiler works
configure:1718: ./a.out
./configure: line 1719: ./a.out: cannot execute binary file
configure:1721: $? = 126
configure:1738: result: yes
configure:1745: checking whether we are cross compiling
configure:1747: result: yes
configure:1750: checking for suffix of executables
configure:1752: arc-linux-uclibc-gcc -o conftest -mA7 -static -O0  -mA7 conftest.c  >&5
configure:1755: $? = 0
configure:1780: result: 
configure:1786: checking for suffix of object files
configure:1807: arc-linux-uclibc-gcc -c -mA7 -static -O0  conftest.c >&5
configure:1810: $? = 0
configure:1832: result: o
configure:1836: checking whether we are using the GNU C compiler
configure:1860: arc-linux-uclibc-gcc -c -mA7 -static -O0  conftest.c >&5
configure:1866: $? = 0
configure:1870: test -z 
			 || test ! -s conftest.err
configure:1873: $? = 0
configure:1876: test -s conftest.o
configure:1879: $? = 0
configure:1892: result: yes
configure:1898: checking whether arc-linux-uclibc-gcc accepts -g
configure:1919: arc-linux-uclibc-gcc -c -g  conftest.c >&5
configure:1925: $? = 0
configure:1929: test -z 
			 || test ! -s conftest.err
configure:1932: $? = 0
configure:1935: test -s conftest.o
configure:1938: $? = 0
configure:1949: result: yes
configure:1966: checking for arc-linux-uclibc-gcc option to accept ANSI C
configure:2036: arc-linux-uclibc-gcc  -c -mA7 -static -O0  conftest.c >&5
configure:2042: $? = 0
configure:2046: test -z 
			 || test ! -s conftest.err
configure:2049: $? = 0
configure:2052: test -s conftest.o
configure:2055: $? = 0
configure:2073: result: none needed
configure:2091: arc-linux-uclibc-gcc -c -mA7 -static -O0  conftest.c >&5
conftest.c:2: error: expected '=', ',', ';', 'asm' or '__attribute__' before 'me'
configure:2097: $? = 1
configure: failed program was:
| #ifndef __cplusplus
|   choke me
| #endif
configure:2268: checking build system type
configure:2286: result: i686-pc-linux-gnu
configure:2294: checking host system type
configure:2308: result: i386-redhat-linux-gnu
configure:2316: checking target system type
configure:2330: result: arc-unknown-linux-uclibc
configure:2358: checking for a BSD-compatible install
configure:2413: result: /usr/bin/install -c
configure:2445: checking how to run the C preprocessor
configure:2480: arc-linux-uclibc-gcc -E  conftest.c
configure:2486: $? = 0
configure:2518: arc-linux-uclibc-gcc -E  conftest.c
conftest.c:10:28: error: ac_nonexistent.h: No such file or directory
configure:2524: $? = 1
configure: failed program was:
| /* confdefs.h.  */
| 
| #define PACKAGE_NAME ""
| #define PACKAGE_TARNAME ""
| #define PACKAGE_VERSION ""
| #define PACKAGE_STRING ""
| #define PACKAGE_BUGREPORT ""
| #define _GNU_SOURCE 1
| /* end confdefs.h.  */
| #include <ac_nonexistent.h>
configure:2563: result: arc-linux-uclibc-gcc -E
configure:2587: arc-linux-uclibc-gcc -E  conftest.c
configure:2593: $? = 0
configure:2625: arc-linux-uclibc-gcc -E  conftest.c
conftest.c:10:28: error: ac_nonexistent.h: No such file or directory
configure:2631: $? = 1
configure: failed program was:
| /* confdefs.h.  */
| 
| #define PACKAGE_NAME ""
| #define PACKAGE_TARNAME ""
| #define PACKAGE_VERSION ""
| #define PACKAGE_STRING ""
| #define PACKAGE_BUGREPORT ""
| #define _GNU_SOURCE 1
| /* end confdefs.h.  */
| #include <ac_nonexistent.h>
configure:2675: checking for egrep
configure:2685: result: grep -E
configure:2690: checking for ANSI C header files
configure:2715: arc-linux-uclibc-gcc -c -mA7 -static -O0  conftest.c >&5
configure:2721: $? = 0
configure:2725: test -z 
			 || test ! -s conftest.err
configure:2728: $? = 0
configure:2731: test -s conftest.o
configure:2734: $? = 0
configure:2846: result: yes
configure:2871: checking for sys/types.h
configure:2887: arc-linux-uclibc-gcc -c -mA7 -static -O0  conftest.c >&5
configure:2893: $? = 0
configure:2897: test -z 
			 || test ! -s conftest.err
configure:2900: $? = 0
configure:2903: test -s conftest.o
configure:2906: $? = 0
configure:2917: result: yes
configure:2871: checking for sys/stat.h
configure:2887: arc-linux-uclibc-gcc -c -mA7 -static -O0  conftest.c >&5
configure:2893: $? = 0
configure:2897: test -z 
			 || test ! -s conftest.err
configure:2900: $? = 0
configure:2903: test -s conftest.o
configure:2906: $? = 0
configure:2917: result: yes
configure:2871: checking for stdlib.h
configure:2887: arc-linux-uclibc-gcc -c -mA7 -static -O0  conftest.c >&5
configure:2893: $? = 0
configure:2897: test -z 
			 || test ! -s conftest.err
configure:2900: $? = 0
configure:2903: test -s conftest.o
configure:2906: $? = 0
configure:2917: result: yes
configure:2871: checking for string.h
configure:2887: arc-linux-uclibc-gcc -c -mA7 -static -O0  conftest.c >&5
configure:2893: $? = 0
configure:2897: test -z 
			 || test ! -s conftest.err
configure:2900: $? = 0
configure:2903: test -s conftest.o
configure:2906: $? = 0
configure:2917: result: yes
configure:2871: checking for memory.h
configure:2887: arc-linux-uclibc-gcc -c -mA7 -static -O0  conftest.c >&5
configure:2893: $? = 0
configure:2897: test -z 
			 || test ! -s conftest.err
configure:2900: $? = 0
configure:2903: test -s conftest.o
configure:2906: $? = 0
configure:2917: result: yes
configure:2871: checking for strings.h
configure:2887: arc-linux-uclibc-gcc -c -mA7 -static -O0  conftest.c >&5
configure:2893: $? = 0
configure:2897: test -z 
			 || test ! -s conftest.err
configure:2900: $? = 0
configure:2903: test -s conftest.o
configure:2906: $? = 0
configure:2917: result: yes
configure:2871: checking for inttypes.h
configure:2887: arc-linux-uclibc-gcc -c -mA7 -static -O0  conftest.c >&5
configure:2893: $? = 0
configure:2897: test -z 
			 || test ! -s conftest.err
configure:2900: $? = 0
configure:2903: test -s conftest.o
configure:2906: $? = 0
configure:2917: result: yes
configure:2871: checking for stdint.h
configure:2887: arc-linux-uclibc-gcc -c -mA7 -static -O0  conftest.c >&5
configure:2893: $? = 0
configure:2897: test -z 
			 || test ! -s conftest.err
configure:2900: $? = 0
configure:2903: test -s conftest.o
configure:2906: $? = 0
configure:2917: result: yes
configure:2871: checking for unistd.h
configure:2887: arc-linux-uclibc-gcc -c -mA7 -static -O0  conftest.c >&5
configure:2893: $? = 0
configure:2897: test -z 
			 || test ! -s conftest.err
configure:2900: $? = 0
configure:2903: test -s conftest.o
configure:2906: $? = 0
configure:2917: result: yes
configure:2965: checking sgtty.h usability
configure:2977: arc-linux-uclibc-gcc -c -mA7 -static -O0  conftest.c >&5
configure:2983: $? = 0
configure:2987: test -z 
			 || test ! -s conftest.err
configure:2990: $? = 0
configure:2993: test -s conftest.o
configure:2996: $? = 0
configure:3006: result: yes
configure:3010: checking sgtty.h presence
configure:3020: arc-linux-uclibc-gcc -E  conftest.c
configure:3026: $? = 0
configure:3046: result: yes
configure:3081: checking for sgtty.h
configure:3088: result: yes
configure:2965: checking termio.h usability
configure:2977: arc-linux-uclibc-gcc -c -mA7 -static -O0  conftest.c >&5
configure:2983: $? = 0
configure:2987: test -z 
			 || test ! -s conftest.err
configure:2990: $? = 0
configure:2993: test -s conftest.o
configure:2996: $? = 0
configure:3006: result: yes
configure:3010: checking termio.h presence
configure:3020: arc-linux-uclibc-gcc -E  conftest.c
configure:3026: $? = 0
configure:3046: result: yes
configure:3081: checking for termio.h
configure:3088: result: yes
configure:2965: checking termios.h usability
configure:2977: arc-linux-uclibc-gcc -c -mA7 -static -O0  conftest.c >&5
configure:2983: $? = 0
configure:2987: test -z 
			 || test ! -s conftest.err
configure:2990: $? = 0
configure:2993: test -s conftest.o
configure:2996: $? = 0
configure:3006: result: yes
configure:3010: checking termios.h presence
configure:3020: arc-linux-uclibc-gcc -E  conftest.c
configure:3026: $? = 0
configure:3046: result: yes
configure:3081: checking for termios.h
configure:3088: result: yes
configure:2965: checking sys/reg.h usability
configure:2977: arc-linux-uclibc-gcc -c -mA7 -static -O0  conftest.c >&5
conftest.c:57:21: error: sys/reg.h: No such file or directory
configure:2983: $? = 1
configure: failed program was:
| /* confdefs.h.  */
| 
| #define PACKAGE_NAME ""
| #define PACKAGE_TARNAME ""
| #define PACKAGE_VERSION ""
| #define PACKAGE_STRING ""
| #define PACKAGE_BUGREPORT ""
| #define _GNU_SOURCE 1
| #define STDC_HEADERS 1
| #define HAVE_SYS_TYPES_H 1
| #define HAVE_SYS_STAT_H 1
| #define HAVE_STDLIB_H 1
| #define HAVE_STRING_H 1
| #define HAVE_MEMORY_H 1
| #define HAVE_STRINGS_H 1
| #define HAVE_INTTYPES_H 1
| #define HAVE_STDINT_H 1
| #define HAVE_UNISTD_H 1
| #define HAVE_SGTTY_H 1
| #define HAVE_TERMIO_H 1
| #define HAVE_TERMIOS_H 1
| /* end confdefs.h.  */
| #include <stdio.h>
| #if HAVE_SYS_TYPES_H
| # include <sys/types.h>
| #endif
| #if HAVE_SYS_STAT_H
| # include <sys/stat.h>
| #endif
| #if STDC_HEADERS
| # include <stdlib.h>
| # include <stddef.h>
| #else
| # if HAVE_STDLIB_H
| #  include <stdlib.h>
| # endif
| #endif
| #if HAVE_STRING_H
| # if !STDC_HEADERS && HAVE_MEMORY_H
| #  include <memory.h>
| # endif
| # include <string.h>
| #endif
| #if HAVE_STRINGS_H
| # include <strings.h>
| #endif
| #if HAVE_INTTYPES_H
| # include <inttypes.h>
| #else
| # if HAVE_STDINT_H
| #  include <stdint.h>
| # endif
| #endif
| #if HAVE_UNISTD_H
| # include <unistd.h>
| #endif
| #include <sys/reg.h>
configure:3006: result: no
configure:3010: checking sys/reg.h presence
configure:3020: arc-linux-uclibc-gcc -E  conftest.c
conftest.c:23:21: error: sys/reg.h: No such file or directory
configure:3026: $? = 1
configure: failed program was:
| /* confdefs.h.  */
| 
| #define PACKAGE_NAME ""
| #define PACKAGE_TARNAME ""
| #define PACKAGE_VERSION ""
| #define PACKAGE_STRING ""
| #define PACKAGE_BUGREPORT ""
| #define _GNU_SOURCE 1
| #define STDC_HEADERS 1
| #define HAVE_SYS_TYPES_H 1
| #define HAVE_SYS_STAT_H 1
| #define HAVE_STDLIB_H 1
| #define HAVE_STRING_H 1
| #define HAVE_MEMORY_H 1
| #define HAVE_STRINGS_H 1
| #define HAVE_INTTYPES_H 1
| #define HAVE_STDINT_H 1
| #define HAVE_UNISTD_H 1
| #define HAVE_SGTTY_H 1
| #define HAVE_TERMIO_H 1
| #define HAVE_TERMIOS_H 1
| /* end confdefs.h.  */
| #include <sys/reg.h>
configure:3046: result: no
configure:3081: checking for sys/reg.h
configure:3088: result: no
configure:2956: checking for string.h
configure:2961: result: yes
configure:2965: checking proc_service.h usability
configure:2977: arc-linux-uclibc-gcc -c -mA7 -static -O0  conftest.c >&5
conftest.c:58:26: error: proc_service.h: No such file or directory
configure:2983: $? = 1
configure: failed program was:
| /* confdefs.h.  */
| 
| #define PACKAGE_NAME ""
| #define PACKAGE_TARNAME ""
| #define PACKAGE_VERSION ""
| #define PACKAGE_STRING ""
| #define PACKAGE_BUGREPORT ""
| #define _GNU_SOURCE 1
| #define STDC_HEADERS 1
| #define HAVE_SYS_TYPES_H 1
| #define HAVE_SYS_STAT_H 1
| #define HAVE_STDLIB_H 1
| #define HAVE_STRING_H 1
| #define HAVE_MEMORY_H 1
| #define HAVE_STRINGS_H 1
| #define HAVE_INTTYPES_H 1
| #define HAVE_STDINT_H 1
| #define HAVE_UNISTD_H 1
| #define HAVE_SGTTY_H 1
| #define HAVE_TERMIO_H 1
| #define HAVE_TERMIOS_H 1
| #define HAVE_STRING_H 1
| /* end confdefs.h.  */
| #include <stdio.h>
| #if HAVE_SYS_TYPES_H
| # include <sys/types.h>
| #endif
| #if HAVE_SYS_STAT_H
| # include <sys/stat.h>
| #endif
| #if STDC_HEADERS
| # include <stdlib.h>
| # include <stddef.h>
| #else
| # if HAVE_STDLIB_H
| #  include <stdlib.h>
| # endif
| #endif
| #if HAVE_STRING_H
| # if !STDC_HEADERS && HAVE_MEMORY_H
| #  include <memory.h>
| # endif
| # include <string.h>
| #endif
| #if HAVE_STRINGS_H
| # include <strings.h>
| #endif
| #if HAVE_INTTYPES_H
| # include <inttypes.h>
| #else
| # if HAVE_STDINT_H
| #  include <stdint.h>
| # endif
| #endif
| #if HAVE_UNISTD_H
| # include <unistd.h>
| #endif
| #include <proc_service.h>
configure:3006: result: no
configure:3010: checking proc_service.h presence
configure:3020: arc-linux-uclibc-gcc -E  conftest.c
conftest.c:24:26: error: proc_service.h: No such file or directory
configure:3026: $? = 1
configure: failed program was:
| /* confdefs.h.  */
| 
| #define PACKAGE_NAME ""
| #define PACKAGE_TARNAME ""
| #define PACKAGE_VERSION ""
| #define PACKAGE_STRING ""
| #define PACKAGE_BUGREPORT ""
| #define _GNU_SOURCE 1
| #define STDC_HEADERS 1
| #define HAVE_SYS_TYPES_H 1
| #define HAVE_SYS_STAT_H 1
| #define HAVE_STDLIB_H 1
| #define HAVE_STRING_H 1
| #define HAVE_MEMORY_H 1
| #define HAVE_STRINGS_H 1
| #define HAVE_INTTYPES_H 1
| #define HAVE_STDINT_H 1
| #define HAVE_UNISTD_H 1
| #define HAVE_SGTTY_H 1
| #define HAVE_TERMIO_H 1
| #define HAVE_TERMIOS_H 1
| #define HAVE_STRING_H 1
| /* end confdefs.h.  */
| #include <proc_service.h>
configure:3046: result: no
configure:3081: checking for proc_service.h
configure:3088: result: no
configure:2965: checking sys/procfs.h usability
configure:2977: arc-linux-uclibc-gcc -c -mA7 -static -O0  conftest.c >&5
configure:2983: $? = 0
configure:2987: test -z 
			 || test ! -s conftest.err
configure:2990: $? = 0
configure:2993: test -s conftest.o
configure:2996: $? = 0
configure:3006: result: yes
configure:3010: checking sys/procfs.h presence
configure:3020: arc-linux-uclibc-gcc -E  conftest.c
configure:3026: $? = 0
configure:3046: result: yes
configure:3081: checking for sys/procfs.h
configure:3088: result: yes
configure:2965: checking thread_db.h usability
configure:2977: arc-linux-uclibc-gcc -c -mA7 -static -O0  conftest.c >&5
configure:2983: $? = 0
configure:2987: test -z 
			 || test ! -s conftest.err
configure:2990: $? = 0
configure:2993: test -s conftest.o
configure:2996: $? = 0
configure:3006: result: yes
configure:3010: checking thread_db.h presence
configure:3020: arc-linux-uclibc-gcc -E  conftest.c
configure:3026: $? = 0
configure:3046: result: yes
configure:3081: checking for thread_db.h
configure:3088: result: yes
configure:2965: checking linux/elf.h usability
configure:2977: arc-linux-uclibc-gcc -c -mA7 -static -O0  conftest.c >&5
configure:2983: $? = 0
configure:2987: test -z 
			 || test ! -s conftest.err
configure:2990: $? = 0
configure:2993: test -s conftest.o
configure:2996: $? = 0
configure:3006: result: yes
configure:3010: checking linux/elf.h presence
configure:3020: arc-linux-uclibc-gcc -E  conftest.c
configure:3026: $? = 0
configure:3046: result: yes
configure:3081: checking for linux/elf.h
configure:3088: result: yes
configure:2956: checking for stdlib.h
configure:2961: result: yes
configure:2956: checking for unistd.h
configure:2961: result: yes
configure:2965: checking errno.h usability
configure:2977: arc-linux-uclibc-gcc -c -mA7 -static -O0  conftest.c >&5
configure:2983: $? = 0
configure:2987: test -z 
			 || test ! -s conftest.err
configure:2990: $? = 0
configure:2993: test -s conftest.o
configure:2996: $? = 0
configure:3006: result: yes
configure:3010: checking errno.h presence
configure:3020: arc-linux-uclibc-gcc -E  conftest.c
configure:3026: $? = 0
configure:3046: result: yes
configure:3081: checking for errno.h
configure:3088: result: yes
configure:2965: checking fcntl.h usability
configure:2977: arc-linux-uclibc-gcc -c -mA7 -static -O0  conftest.c >&5
configure:2983: $? = 0
configure:2987: test -z 
			 || test ! -s conftest.err
configure:2990: $? = 0
configure:2993: test -s conftest.o
configure:2996: $? = 0
configure:3006: result: yes
configure:3010: checking fcntl.h presence
configure:3020: arc-linux-uclibc-gcc -E  conftest.c
configure:3026: $? = 0
configure:3046: result: yes
configure:3081: checking for fcntl.h
configure:3088: result: yes
configure:2965: checking signal.h usability
configure:2977: arc-linux-uclibc-gcc -c -mA7 -static -O0  conftest.c >&5
configure:2983: $? = 0
configure:2987: test -z 
			 || test ! -s conftest.err
configure:2990: $? = 0
configure:2993: test -s conftest.o
configure:2996: $? = 0
configure:3006: result: yes
configure:3010: checking signal.h presence
configure:3020: arc-linux-uclibc-gcc -E  conftest.c
configure:3026: $? = 0
configure:3046: result: yes
configure:3081: checking for signal.h
configure:3088: result: yes
configure:2965: checking sys/file.h usability
configure:2977: arc-linux-uclibc-gcc -c -mA7 -static -O0  conftest.c >&5
configure:2983: $? = 0
configure:2987: test -z 
			 || test ! -s conftest.err
configure:2990: $? = 0
configure:2993: test -s conftest.o
configure:2996: $? = 0
configure:3006: result: yes
configure:3010: checking sys/file.h presence
configure:3020: arc-linux-uclibc-gcc -E  conftest.c
configure:3026: $? = 0
configure:3046: result: yes
configure:3081: checking for sys/file.h
configure:3088: result: yes
configure:2965: checking malloc.h usability
configure:2977: arc-linux-uclibc-gcc -c -mA7 -static -O0  conftest.c >&5
configure:2983: $? = 0
configure:2987: test -z 
			 || test ! -s conftest.err
configure:2990: $? = 0
configure:2993: test -s conftest.o
configure:2996: $? = 0
configure:3006: result: yes
configure:3010: checking malloc.h presence
configure:3020: arc-linux-uclibc-gcc -E  conftest.c
configure:3026: $? = 0
configure:3046: result: yes
configure:3081: checking for malloc.h
configure:3088: result: yes
configure:2965: checking sys/ioctl.h usability
configure:2977: arc-linux-uclibc-gcc -c -mA7 -static -O0  conftest.c >&5
configure:2983: $? = 0
configure:2987: test -z 
			 || test ! -s conftest.err
configure:2990: $? = 0
configure:2993: test -s conftest.o
configure:2996: $? = 0
configure:3006: result: yes
configure:3010: checking sys/ioctl.h presence
configure:3020: arc-linux-uclibc-gcc -E  conftest.c
configure:3026: $? = 0
configure:3046: result: yes
configure:3081: checking for sys/ioctl.h
configure:3088: result: yes
configure:2965: checking netinet/in.h usability
configure:2977: arc-linux-uclibc-gcc -c -mA7 -static -O0  conftest.c >&5
configure:2983: $? = 0
configure:2987: test -z 
			 || test ! -s conftest.err
configure:2990: $? = 0
configure:2993: test -s conftest.o
configure:2996: $? = 0
configure:3006: result: yes
configure:3010: checking netinet/in.h presence
configure:3020: arc-linux-uclibc-gcc -E  conftest.c
configure:3026: $? = 0
configure:3046: result: yes
configure:3081: checking for netinet/in.h
configure:3088: result: yes
configure:2965: checking sys/socket.h usability
configure:2977: arc-linux-uclibc-gcc -c -mA7 -static -O0  conftest.c >&5
configure:2983: $? = 0
configure:2987: test -z 
			 || test ! -s conftest.err
configure:2990: $? = 0
configure:2993: test -s conftest.o
configure:2996: $? = 0
configure:3006: result: yes
configure:3010: checking sys/socket.h presence
configure:3020: arc-linux-uclibc-gcc -E  conftest.c
configure:3026: $? = 0
configure:3046: result: yes
configure:3081: checking for sys/socket.h
configure:3088: result: yes
configure:2965: checking netdb.h usability
configure:2977: arc-linux-uclibc-gcc -c -mA7 -static -O0  conftest.c >&5
configure:2983: $? = 0
configure:2987: test -z 
			 || test ! -s conftest.err
configure:2990: $? = 0
configure:2993: test -s conftest.o
configure:2996: $? = 0
configure:3006: result: yes
configure:3010: checking netdb.h presence
configure:3020: arc-linux-uclibc-gcc -E  conftest.c
configure:3026: $? = 0
configure:3046: result: yes
configure:3081: checking for netdb.h
configure:3088: result: yes
configure:2965: checking netinet/tcp.h usability
configure:2977: arc-linux-uclibc-gcc -c -mA7 -static -O0  conftest.c >&5
configure:2983: $? = 0
configure:2987: test -z 
			 || test ! -s conftest.err
configure:2990: $? = 0
configure:2993: test -s conftest.o
configure:2996: $? = 0
configure:3006: result: yes
configure:3010: checking netinet/tcp.h presence
configure:3020: arc-linux-uclibc-gcc -E  conftest.c
configure:3026: $? = 0
configure:3046: result: yes
configure:3081: checking for netinet/tcp.h
configure:3088: result: yes
configure:2965: checking arpa/inet.h usability
configure:2977: arc-linux-uclibc-gcc -c -mA7 -static -O0  conftest.c >&5
configure:2983: $? = 0
configure:2987: test -z 
			 || test ! -s conftest.err
configure:2990: $? = 0
configure:2993: test -s conftest.o
configure:2996: $? = 0
configure:3006: result: yes
configure:3010: checking arpa/inet.h presence
configure:3020: arc-linux-uclibc-gcc -E  conftest.c
configure:3026: $? = 0
configure:3046: result: yes
configure:3081: checking for arpa/inet.h
configure:3088: result: yes
configure:2965: checking sys/wait.h usability
configure:2977: arc-linux-uclibc-gcc -c -mA7 -static -O0  conftest.c >&5
configure:2983: $? = 0
configure:2987: test -z 
			 || test ! -s conftest.err
configure:2990: $? = 0
configure:2993: test -s conftest.o
configure:2996: $? = 0
configure:3006: result: yes
configure:3010: checking sys/wait.h presence
configure:3020: arc-linux-uclibc-gcc -E  conftest.c
configure:3026: $? = 0
configure:3046: result: yes
configure:3081: checking for sys/wait.h
configure:3088: result: yes
configure:3107: checking for pread
configure:3164: arc-linux-uclibc-gcc -o conftest -mA7 -static -O0  -mA7 conftest.c  >&5
configure:3170: $? = 0
configure:3174: test -z 
			 || test ! -s conftest.err
configure:3177: $? = 0
configure:3180: test -s conftest
configure:3183: $? = 0
configure:3195: result: yes
configure:3107: checking for pwrite
configure:3164: arc-linux-uclibc-gcc -o conftest -mA7 -static -O0  -mA7 conftest.c  >&5
configure:3170: $? = 0
configure:3174: test -z 
			 || test ! -s conftest.err
configure:3177: $? = 0
configure:3180: test -s conftest
configure:3183: $? = 0
configure:3195: result: yes
configure:3107: checking for pread64
configure:3164: arc-linux-uclibc-gcc -o conftest -mA7 -static -O0  -mA7 conftest.c  >&5
configure:3170: $? = 0
configure:3174: test -z 
			 || test ! -s conftest.err
configure:3177: $? = 0
configure:3180: test -s conftest
configure:3183: $? = 0
configure:3195: result: yes
configure:3207: checking for errno
configure:3228: arc-linux-uclibc-gcc -o conftest -mA7 -static -O0  -mA7 conftest.c  >&5
configure:3234: $? = 0
configure:3238: test -z 
			 || test ! -s conftest.err
configure:3241: $? = 0
configure:3244: test -s conftest
configure:3247: $? = 0
configure:3249: result: yes - in errno.h
configure:3324: checking whether strerror is declared
configure:3348: arc-linux-uclibc-gcc -c -mA7 -static -O0  conftest.c >&5
configure:3354: $? = 0
configure:3358: test -z 
			 || test ! -s conftest.err
configure:3361: $? = 0
configure:3364: test -s conftest.o
configure:3367: $? = 0
configure:3378: result: yes
configure:3394: checking whether perror is declared
configure:3418: arc-linux-uclibc-gcc -c -mA7 -static -O0  conftest.c >&5
configure:3424: $? = 0
configure:3428: test -z 
			 || test ! -s conftest.err
configure:3431: $? = 0
configure:3434: test -s conftest.o
configure:3437: $? = 0
configure:3448: result: yes
configure:3467: checking for socklen_t
configure:3494: arc-linux-uclibc-gcc -c -mA7 -static -O0  conftest.c >&5
configure:3500: $? = 0
configure:3504: test -z 
			 || test ! -s conftest.err
configure:3507: $? = 0
configure:3510: test -s conftest.o
configure:3513: $? = 0
configure:3524: result: yes
configure:3795: checking for lwpid_t in sys/procfs.h
configure:3818: arc-linux-uclibc-gcc -c -mA7 -static -O0  conftest.c >&5
configure:3824: $? = 0
configure:3828: test -z 
			 || test ! -s conftest.err
configure:3831: $? = 0
configure:3834: test -s conftest.o
configure:3837: $? = 0
configure:3857: result: yes
configure:3860: checking for psaddr_t in sys/procfs.h
configure:3883: arc-linux-uclibc-gcc -c -mA7 -static -O0  conftest.c >&5
configure:3889: $? = 0
configure:3893: test -z 
			 || test ! -s conftest.err
configure:3896: $? = 0
configure:3899: test -s conftest.o
configure:3902: $? = 0
configure:3922: result: yes
configure:3925: checking for prgregset_t in sys/procfs.h
configure:3948: arc-linux-uclibc-gcc -c -mA7 -static -O0  conftest.c >&5
configure:3954: $? = 0
configure:3958: test -z 
			 || test ! -s conftest.err
configure:3961: $? = 0
configure:3964: test -s conftest.o
configure:3967: $? = 0
configure:3987: result: yes
configure:3990: checking for elf_fpregset_t in sys/procfs.h
configure:4013: arc-linux-uclibc-gcc -c -mA7 -static -O0  conftest.c >&5
configure:4019: $? = 0
configure:4023: test -z 
			 || test ! -s conftest.err
configure:4026: $? = 0
configure:4029: test -s conftest.o
configure:4032: $? = 0
configure:4052: result: yes
configure:4062: checking for libthread_db
configure:4093: arc-linux-uclibc-gcc -o conftest -mA7 -static -O0  -mA7 conftest.c  -lthread_db >&5
configure:4099: $? = 0
configure:4103: test -z 
			 || test ! -s conftest.err
configure:4106: $? = 0
configure:4109: test -s conftest
configure:4112: $? = 0
configure:4188: result: -lthread_db
configure:4198: checking for thread_db_tls_get_addr
configure:4229: arc-linux-uclibc-gcc -o conftest -mA7 -static -O0  -mA7 conftest.c  -lthread_db >&5
configure:4235: $? = 0
configure:4239: test -z 
			 || test ! -s conftest.err
configure:4242: $? = 0
configure:4245: test -s conftest
configure:4248: $? = 0
configure:4262: result: yes
configure:4283: arc-linux-uclibc-gcc -o conftest -mA7 -static -O0  -mA7 -rdynamic conftest.c  >&5
configure:4289: $? = 0
configure:4293: test -z 
			 || test ! -s conftest.err
configure:4296: $? = 0
configure:4299: test -s conftest
configure:4302: $? = 0
configure:4320: checking for TD_VERSION
configure:4341: arc-linux-uclibc-gcc -c -mA7 -static -O0  conftest.c >&5
configure:4347: $? = 0
configure:4351: test -z 
			 || test ! -s conftest.err
configure:4354: $? = 0
configure:4357: test -s conftest.o
configure:4360: $? = 0
configure:4371: result: yes
configure:4513: creating ./config.status

## ---------------------- ##
## Running config.status. ##
## ---------------------- ##

This file was extended by config.status, which was
generated by GNU Autoconf 2.59.  Invocation command line was

  CONFIG_FILES    = 
  CONFIG_HEADERS  = 
  CONFIG_LINKS    = 
  CONFIG_COMMANDS = 
  $ ./config.status 

on laria

config.status:674: creating Makefile
config.status:778: creating config.h
config.status:1128: executing default commands

## ---------------- ##
## Cache variables. ##
## ---------------- ##

ac_cv_build=i686-pc-linux-gnu
ac_cv_build_alias=i686-pc-linux-gnu
ac_cv_c_compiler_gnu=yes
ac_cv_env_CC_set=set
ac_cv_env_CC_value=arc-linux-uclibc-gcc
ac_cv_env_CFLAGS_set=set
ac_cv_env_CFLAGS_value='-mA7 -static -O0'
ac_cv_env_CPPFLAGS_set=
ac_cv_env_CPPFLAGS_value=
ac_cv_env_CPP_set=
ac_cv_env_CPP_value=
ac_cv_env_LDFLAGS_set=set
ac_cv_env_LDFLAGS_value=-mA7
ac_cv_env_build_alias_set=
ac_cv_env_build_alias_value=
ac_cv_env_host_alias_set=set
ac_cv_env_host_alias_value=i386-redhat-linux-gnu
ac_cv_env_target_alias_set=set
ac_cv_env_target_alias_value=arc-linux-uclibc
ac_cv_exeext=
ac_cv_func_pread=yes
ac_cv_func_pread64=yes
ac_cv_func_pwrite=yes
ac_cv_have_decl_perror=yes
ac_cv_have_decl_strerror=yes
ac_cv_header_arpa_inet_h=yes
ac_cv_header_errno_h=yes
ac_cv_header_fcntl_h=yes
ac_cv_header_inttypes_h=yes
ac_cv_header_linux_elf_h=yes
ac_cv_header_malloc_h=yes
ac_cv_header_memory_h=yes
ac_cv_header_netdb_h=yes
ac_cv_header_netinet_in_h=yes
ac_cv_header_netinet_tcp_h=yes
ac_cv_header_proc_service_h=no
ac_cv_header_sgtty_h=yes
ac_cv_header_signal_h=yes
ac_cv_header_stdc=yes
ac_cv_header_stdint_h=yes
ac_cv_header_stdlib_h=yes
ac_cv_header_string_h=yes
ac_cv_header_strings_h=yes
ac_cv_header_sys_file_h=yes
ac_cv_header_sys_ioctl_h=yes
ac_cv_header_sys_procfs_h=yes
ac_cv_header_sys_reg_h=no
ac_cv_header_sys_socket_h=yes
ac_cv_header_sys_stat_h=yes
ac_cv_header_sys_types_h=yes
ac_cv_header_sys_wait_h=yes
ac_cv_header_termio_h=yes
ac_cv_header_termios_h=yes
ac_cv_header_thread_db_h=yes
ac_cv_header_unistd_h=yes
ac_cv_host=i386-redhat-linux-gnu
ac_cv_host_alias=i386-redhat-linux-gnu
ac_cv_objext=o
ac_cv_path_install='/usr/bin/install -c'
ac_cv_prog_CC=arc-linux-uclibc-gcc
ac_cv_prog_CPP='arc-linux-uclibc-gcc -E'
ac_cv_prog_cc_g=yes
ac_cv_prog_cc_stdc=
ac_cv_prog_egrep='grep -E'
ac_cv_target=arc-unknown-linux-uclibc
ac_cv_target_alias=arc-linux-uclibc
ac_cv_type_socklen_t=yes
bfd_cv_have_sys_procfs_type_elf_fpregset_t=yes
bfd_cv_have_sys_procfs_type_lwpid_t=yes
bfd_cv_have_sys_procfs_type_prgregset_t=yes
bfd_cv_have_sys_procfs_type_psaddr_t=yes
gdbsrv_cv_have_td_version=yes
srv_cv_thread_db=-lthread_db
srv_cv_tls_get_addr=yes

## ----------------- ##
## Output variables. ##
## ----------------- ##

CC='arc-linux-uclibc-gcc'
CFLAGS='-mA7 -static -O0'
CPP='arc-linux-uclibc-gcc -E'
CPPFLAGS=''
DEFS='-DHAVE_CONFIG_H'
ECHO_C=''
ECHO_N='-n'
ECHO_T=''
EGREP='grep -E'
EXEEXT=''
GDBSERVER_DEPFILES='reg-arc.o linux-low.o linux-arc-low.o hostio-errno.o thread-db.o proc-service.o'
GDBSERVER_LIBS='-lthread_db'
INSTALL_DATA='${INSTALL} -m 644'
INSTALL_PROGRAM='${INSTALL}'
INSTALL_SCRIPT='${INSTALL}'
LDFLAGS='-mA7'
LIBOBJS=''
LIBS=''
LTLIBOBJS=''
OBJEXT='o'
PACKAGE_BUGREPORT=''
PACKAGE_NAME=''
PACKAGE_STRING=''
PACKAGE_TARNAME=''
PACKAGE_VERSION=''
PATH_SEPARATOR=':'
RDYNAMIC='-rdynamic'
SHELL='/bin/sh'
USE_THREAD_DB='-DUSE_THREAD_DB'
ac_ct_CC=''
bindir='${exec_prefix}/bin'
build='i686-pc-linux-gnu'
build_alias=''
build_cpu='i686'
build_os='linux-gnu'
build_vendor='pc'
datadir='${prefix}/share'
exec_prefix='${prefix}'
host='i386-redhat-linux-gnu'
host_alias='i386-redhat-linux-gnu'
host_cpu='i386'
host_os='linux-gnu'
host_vendor='redhat'
includedir='${prefix}/include'
infodir='${prefix}/info'
libdir='${exec_prefix}/lib'
libexecdir='${exec_prefix}/libexec'
localstatedir='${prefix}/var'
mandir='${prefix}/man'
oldincludedir='/usr/include'
prefix='/usr/local'
program_transform_name='s,^,arc-linux-uclibc-,'
sbindir='${exec_prefix}/sbin'
sharedstatedir='${prefix}/com'
srv_xmlbuiltin=''
srv_xmlfiles=''
srv_xmltarget=''
sysconfdir='${prefix}/etc'
target='arc-unknown-linux-uclibc'
target_alias='arc-linux-uclibc'
target_cpu='arc'
target_os='linux-uclibc'
target_vendor='unknown'

## ----------- ##
## confdefs.h. ##
## ----------- ##

#define HAVE_ARPA_INET_H 1
#define HAVE_DECL_PERROR 1
#define HAVE_DECL_STRERROR 1
#define HAVE_ELF_FPREGSET_T 1
#define HAVE_ERRNO 1
#define HAVE_ERRNO_H 1
#define HAVE_FCNTL_H 1
#define HAVE_INTTYPES_H 1
#define HAVE_LINUX_ELF_H 1
#define HAVE_LINUX_USRREGS 1
#define HAVE_LWPID_T 1
#define HAVE_MALLOC_H 1
#define HAVE_MEMORY_H 1
#define HAVE_NETDB_H 1
#define HAVE_NETINET_IN_H 1
#define HAVE_NETINET_TCP_H 1
#define HAVE_PREAD 1
#define HAVE_PREAD64 1
#define HAVE_PRGREGSET_T 1
#define HAVE_PSADDR_T 1
#define HAVE_PWRITE 1
#define HAVE_SGTTY_H 1
#define HAVE_SIGNAL_H 1
#define HAVE_SOCKLEN_T 1
#define HAVE_STDINT_H 1
#define HAVE_STDLIB_H 1
#define HAVE_STDLIB_H 1
#define HAVE_STRINGS_H 1
#define HAVE_STRING_H 1
#define HAVE_STRING_H 1
#define HAVE_SYS_FILE_H 1
#define HAVE_SYS_IOCTL_H 1
#define HAVE_SYS_PROCFS_H 1
#define HAVE_SYS_SOCKET_H 1
#define HAVE_SYS_STAT_H 1
#define HAVE_SYS_TYPES_H 1
#define HAVE_SYS_WAIT_H 1
#define HAVE_TD_THR_TLS_GET_ADDR 1
#define HAVE_TD_VERSION 1
#define HAVE_TERMIOS_H 1
#define HAVE_TERMIO_H 1
#define HAVE_THREAD_DB_H 1
#define HAVE_UNISTD_H 1
#define HAVE_UNISTD_H 1
#define PACKAGE_BUGREPORT ""
#define PACKAGE_NAME ""
#define PACKAGE_STRING ""
#define PACKAGE_TARNAME ""
#define PACKAGE_VERSION ""
#define STDC_HEADERS 1
#define _GNU_SOURCE 1

configure: exit 0

## ---------------------- ##
## Running config.status. ##
## ---------------------- ##

This file was extended by config.status, which was
generated by GNU Autoconf 2.59.  Invocation command line was

  CONFIG_FILES    = 
  CONFIG_HEADERS  = config.h:config.in
  CONFIG_LINKS    = 
  CONFIG_COMMANDS = 
  $ ./config.status 

on laria

config.status:778: creating config.h
config.status:970: config.h is unchanged
config.status:1128: executing default commands
